COMMAND: pnpm test -- --runInBand

> dharmaflow-backend@1.0.0 test /home/nyiyenaing/Work/DharmaFlow
> vitest -- --runInBand


[1m[46m RUN [49m[22m [36mv4.0.18 [39m[90m/home/nyiyenaing/Work/DharmaFlow[39m

[0mPOST /api/favorites/s1 [32m200[0m 6.068 ms - 23[0m
[0mGET /api/favorites [32m200[0m 2.287 ms - 141[0m
[0mPOST /api/calendar/chant [32m200[0m 5.010 ms - 37[0m
 [32m✓[39m tests/favorites.test.mjs [2m([22m[2m2 tests[22m[2m)[22m[32m 62[2mms[22m[39m
[0mPOST /api/sutras [33m400[0m 6.234 ms - 43[0m
[0mPOST /api/sutras [32m201[0m 1.357 ms - 62[0m
[0mGET /api/calendar?month=2026-02 [32m200[0m 2.454 ms - 1063[0m
[0mGET /api/calendar/streak [32m200[0m 1.445 ms - 68[0m
 [32m✓[39m tests/calendar.test.mjs [2m([22m[2m3 tests[22m[2m)[22m[32m 79[2mms[22m[39m
[0mPOST /api/sutras [32m201[0m 6.998 ms - 106[0m
 [32m✓[39m tests/sutras.test.mjs [2m([22m[2m3 tests[22m[2m)[22m[32m 88[2mms[22m[39m
[0mPATCH /api/profile [32m200[0m 6.482 ms - 157[0m
[0mPATCH /api/profile [33m404[0m 3.243 ms - 44[0m
 [32m✓[39m tests/profile.test.mjs [2m([22m[2m2 tests[22m[2m)[22m[32m 95[2mms[22m[39m
[0mPOST /api/auth/register [33m400[0m 3.820 ms - 55[0m
[0mPOST /api/auth/register [32m200[0m 4.890 ms - 157[0m
[0mGET /api/health [32m200[0m 4.490 ms - 36[0m
[0mPOST /api/auth/login [32m200[0m 0.873 ms - 157[0m
 [32m✓[39m tests/auth.test.mjs [2m([22m[2m3 tests[22m[2m)[22m[32m 126[2mms[22m[39m
[0mPOST /api/echo [32m200[0m 1.201 ms - 43[0m
[0mGET /api/profile [32m200[0m 1.413 ms - 222[0m
 [32m✓[39m tests/routes.test.mjs [2m([22m[2m3 tests[22m[2m)[22m[32m 113[2mms[22m[39m
[0mPOST /api/dharma-talks [33m400[0m 37.236 ms - 36[0m
[0mPOST /api/dharma-talks [32m201[0m 9.323 ms - 77[0m
 [32m✓[39m tests/dharmaTalks.test.mjs [2m([22m[2m2 tests[22m[2m)[22m[32m 198[2mms[22m[39m
 [32m✓[39m tests/openapi.policies.test.mjs [2m([22m[2m3 tests[22m[2m)[22m[32m 16[2mms[22m[39m
[0mPOST /api/categories [32m201[0m 4.374 ms - 40[0m
[0mDELETE /api/categories/cat1 [32m200[0m 1.464 ms - 114[0m
 [32m✓[39m tests/categories.test.mjs [2m([22m[2m2 tests[22m[2m)[22m[32m 59[2mms[22m[39m
[0mPOST /api/monks [32m201[0m 4.738 ms - 41[0m
[0mDELETE /api/monks/monk1 [32m200[0m 1.888 ms - 117[0m
 [32m✓[39m tests/monks.test.mjs [2m([22m[2m2 tests[22m[2m)[22m[32m 56[2mms[22m[39m
[0mGET /api/policies/privacy [32m200[0m 3.109 ms - 2932[0m
[0mGET /api/policies/terms [32m200[0m 1.112 ms - 2634[0m
[0mGET /api/policies/privacy?locale=fr-FR [32m200[0m 0.451 ms - 2932[0m
[0mGET /api/policies/unknown [33m404[0m 1.040 ms - 23[0m
 [32m✓[39m tests/policies.test.mjs [2m([22m[2m4 tests[22m[2m)[22m[32m 55[2mms[22m[39m
[0mGET /api/home [32m200[0m 4.268 ms - 178[0m
 [32m✓[39m tests/home.test.mjs [2m([22m[2m1 test[22m[2m)[22m[32m 36[2mms[22m[39m
[0mGET /api/search?q=dharma&page=1&limit=10 [32m200[0m 4.291 ms - 231[0m
[0mGET /api/search [33m400[0m 0.741 ms - 27[0m
 [32m✓[39m tests/search.test.mjs [2m([22m[2m2 tests[22m[2m)[22m[32m 41[2mms[22m[39m

[2m Test Files [22m [1m[32m13 passed[39m[22m[90m (13)[39m
[2m      Tests [22m [1m[32m32 passed[39m[22m[90m (32)[39m
[2m   Start at [22m 14:10:08
[2m   Duration [22m 3.35s[2m (transform 558ms, setup 0ms, import 14.14s, tests 1.02s, environment 3ms)[22m

RESULT: PASS
EXIT_CODE: 0
